C32H54N6O5Si6	770.2771154
C33H54N4O6Si6	770.2658824
C28H58N6O6Si7	770.2802568
C31H50N8O6Si5	770.269952
C33H54N6O4SSi5	770.2773444
C34H54N4O5SSi5	770.2661114
C31H58N4O5S2Si5	770.2694818
C30H58N4O6SSi6	770.2692528
C19H54N14O6Si7	770.2735504
C36H50N6O4Si5	770.273974
C32H50N8O5SSi4	770.270181
C30H59N4O6PSi6	770.2787684
C28H62N4O5S3Si5	770.2728522
C27H62N4O6S2Si6	770.2726232
C20H54N14O5SSi6	770.2737794
C23H59N8O6PSi7	770.2679924
C27H46N12O9SSi2	770.2769826
C34H55N4O5PSi5	770.275627
C27H54N4O14Si4	770.2713464
C27H54N4O14Si4	770.2713464
C27H54N8O7Si6	770.2730934
C25H54N8O10SSi4	770.2760544
C29H55N6O7PSi5	770.271605
C32H54N6O5Si6	770.2771154
C29H46N12O6Si4	770.2740216
C31H50N8O6Si5	770.269952
C35H46N8O5Si4	770.2668106
C29H46N8O13Si2	770.2722746
C33H54N4O6Si6	770.2658824
C28H50N4O17Si2	770.270937
C27H54N4O14Si4	770.2713464
C36H50N6O4Si5	770.273974
C32H54N6O5Si6	770.2771154
C33H50N6O8Si4	770.276706
C25H54N8O10SSi4	770.2760544
C30H54N4O10Si5	770.2686144
C34H46N10O4Si4	770.2780436
C28H50N8O10Si4	770.272684
C31H50N8O6Si5	770.269952
C24H55N4O16PSi3	770.265836
